<?xml version="1.0" encoding="UTF-8"?>
<testng-results skipped="0" failed="0" ignored="0" total="1" passed="1">
  <reporter-output>
  </reporter-output>
  <suite name="Default suite" duration-ms="15402" started-at="2016-12-23T02:01:09Z" finished-at="2016-12-23T02:01:25Z">
    <groups>
    </groups>
    <test name="Default test" duration-ms="15402" started-at="2016-12-23T02:01:09Z" finished-at="2016-12-23T02:01:25Z">
      <class name="facebookmessage.FacebookMessage">
        <test-method status="PASS" signature="beforeTest()[pri:0, instance:facebookmessage.FacebookMessage@6d00a15d]" name="beforeTest" is-config="true" duration-ms="2120" started-at="2016-12-23T09:01:09Z" finished-at="2016-12-23T09:01:11Z">
          <reporter-output>
          </reporter-output>
        </test-method> <!-- beforeTest -->
        <test-method status="PASS" signature="postAFacebookMessage()[pri:0, instance:facebookmessage.FacebookMessage@6d00a15d]" name="postAFacebookMessage" duration-ms="10957" started-at="2016-12-23T09:01:11Z" finished-at="2016-12-23T09:01:22Z">
          <reporter-output>
          </reporter-output>
        </test-method> <!-- postAFacebookMessage -->
        <test-method status="PASS" signature="afterTest()[pri:0, instance:facebookmessage.FacebookMessage@6d00a15d]" name="afterTest" is-config="true" duration-ms="2313" started-at="2016-12-23T09:01:22Z" finished-at="2016-12-23T09:01:25Z">
          <reporter-output>
          </reporter-output>
        </test-method> <!-- afterTest -->
      </class> <!-- facebookmessage.FacebookMessage -->
    </test> <!-- Default test -->
  </suite> <!-- Default suite -->
</testng-results>
